<?xml version="1.0" encoding="UTF-8"?>
<testsuite name="com.charter.rewardsProgram.controller.RewardsControllerIntegrationTest" tests="1" skipped="0" failures="0" errors="0" timestamp="2023-01-24T15:06:28" hostname="Karthiks-MBP" time="0.501">
  <properties/>
  <testcase name="testRetrieveStudentCourse()" classname="com.charter.rewardsProgram.controller.RewardsControllerIntegrationTest" time="0.501"/>
  <system-out><![CDATA[10:06:23.608 [Test worker] DEBUG org.springframework.test.context.BootstrapUtils - Instantiating CacheAwareContextLoaderDelegate from class [org.springframework.test.context.cache.DefaultCacheAwareContextLoaderDelegate]
10:06:23.620 [Test worker] DEBUG org.springframework.test.context.BootstrapUtils - Instantiating BootstrapContext using constructor [public org.springframework.test.context.support.DefaultBootstrapContext(java.lang.Class,org.springframework.test.context.CacheAwareContextLoaderDelegate)]
10:06:23.656 [Test worker] DEBUG org.springframework.test.context.BootstrapUtils - Instantiating TestContextBootstrapper for test class [com.charter.rewardsProgram.controller.RewardsControllerIntegrationTest] from class [org.springframework.boot.test.context.SpringBootTestContextBootstrapper]
10:06:23.670 [Test worker] INFO org.springframework.boot.test.context.SpringBootTestContextBootstrapper - Neither @ContextConfiguration nor @ContextHierarchy found for test class [com.charter.rewardsProgram.controller.RewardsControllerIntegrationTest], using SpringBootContextLoader
10:06:23.674 [Test worker] DEBUG org.springframework.test.context.support.AbstractContextLoader - Did not detect default resource location for test class [com.charter.rewardsProgram.controller.RewardsControllerIntegrationTest]: class path resource [com/charter/rewardsProgram/controller/RewardsControllerIntegrationTest-context.xml] does not exist
10:06:23.674 [Test worker] DEBUG org.springframework.test.context.support.AbstractContextLoader - Did not detect default resource location for test class [com.charter.rewardsProgram.controller.RewardsControllerIntegrationTest]: class path resource [com/charter/rewardsProgram/controller/RewardsControllerIntegrationTestContext.groovy] does not exist
10:06:23.674 [Test worker] INFO org.springframework.test.context.support.AbstractContextLoader - Could not detect default resource locations for test class [com.charter.rewardsProgram.controller.RewardsControllerIntegrationTest]: no resource found for suffixes {-context.xml, Context.groovy}.
10:06:23.720 [Test worker] DEBUG org.springframework.test.context.support.ActiveProfilesUtils - Could not find an 'annotation declaring class' for annotation type [org.springframework.test.context.ActiveProfiles] and class [com.charter.rewardsProgram.controller.RewardsControllerIntegrationTest]
10:06:23.835 [Test worker] DEBUG org.springframework.boot.test.context.SpringBootTestContextBootstrapper - @TestExecutionListeners is not present for class [com.charter.rewardsProgram.controller.RewardsControllerIntegrationTest]: using defaults.
10:06:23.835 [Test worker] INFO org.springframework.boot.test.context.SpringBootTestContextBootstrapper - Loaded default TestExecutionListener class names from location [META-INF/spring.factories]: [org.springframework.boot.test.autoconfigure.restdocs.RestDocsTestExecutionListener, org.springframework.boot.test.autoconfigure.web.client.MockRestServiceServerResetTestExecutionListener, org.springframework.boot.test.autoconfigure.web.servlet.MockMvcPrintOnlyOnFailureTestExecutionListener, org.springframework.boot.test.autoconfigure.web.servlet.WebDriverTestExecutionListener, org.springframework.boot.test.autoconfigure.webservices.client.MockWebServiceServerTestExecutionListener, org.springframework.boot.test.mock.mockito.MockitoTestExecutionListener, org.springframework.boot.test.mock.mockito.ResetMocksTestExecutionListener, org.springframework.test.context.web.ServletTestExecutionListener, org.springframework.test.context.support.DirtiesContextBeforeModesTestExecutionListener, org.springframework.test.context.event.ApplicationEventsTestExecutionListener, org.springframework.test.context.support.DependencyInjectionTestExecutionListener, org.springframework.test.context.support.DirtiesContextTestExecutionListener, org.springframework.test.context.transaction.TransactionalTestExecutionListener, org.springframework.test.context.jdbc.SqlScriptsTestExecutionListener, org.springframework.test.context.event.EventPublishingTestExecutionListener]
10:06:23.855 [Test worker] INFO org.springframework.boot.test.context.SpringBootTestContextBootstrapper - Using TestExecutionListeners: [org.springframework.test.context.web.ServletTestExecutionListener@17d7dbcd, org.springframework.test.context.support.DirtiesContextBeforeModesTestExecutionListener@1f076f25, org.springframework.test.context.event.ApplicationEventsTestExecutionListener@4a33577b, org.springframework.boot.test.mock.mockito.MockitoTestExecutionListener@3769d528, org.springframework.boot.test.autoconfigure.SpringBootDependencyInjectionTestExecutionListener@1ec979bb, org.springframework.test.context.support.DirtiesContextTestExecutionListener@3a134300, org.springframework.test.context.transaction.TransactionalTestExecutionListener@6a4b53b6, org.springframework.test.context.jdbc.SqlScriptsTestExecutionListener@13720b42, org.springframework.test.context.event.EventPublishingTestExecutionListener@4623bc36, org.springframework.boot.test.autoconfigure.restdocs.RestDocsTestExecutionListener@6608ecb1, org.springframework.boot.test.autoconfigure.web.client.MockRestServiceServerResetTestExecutionListener@56eec525, org.springframework.boot.test.autoconfigure.web.servlet.MockMvcPrintOnlyOnFailureTestExecutionListener@55c5eca1, org.springframework.boot.test.autoconfigure.web.servlet.WebDriverTestExecutionListener@edc3823, org.springframework.boot.test.autoconfigure.webservices.client.MockWebServiceServerTestExecutionListener@2f10302d, org.springframework.boot.test.mock.mockito.ResetMocksTestExecutionListener@f770f07]
10:06:23.859 [Test worker] DEBUG org.springframework.test.context.support.AbstractDirtiesContextTestExecutionListener - Before test class: context [DefaultTestContext@12f72517 testClass = RewardsControllerIntegrationTest, testInstance = [null], testMethod = [null], testException = [null], mergedContextConfiguration = [WebMergedContextConfiguration@52a8ef43 testClass = RewardsControllerIntegrationTest, locations = '{}', classes = '{class com.charter.rewardsProgram.RewardPointsApplication}', contextInitializerClasses = '[]', activeProfiles = '{}', propertySourceLocations = '{}', propertySourceProperties = '{org.springframework.boot.test.context.SpringBootTestContextBootstrapper=true, server.port=0}', contextCustomizers = set[org.springframework.boot.test.autoconfigure.actuate.metrics.MetricsExportContextCustomizerFactory$DisableMetricExportContextCustomizer@6c7a2b1b, org.springframework.boot.test.autoconfigure.properties.PropertyMappingContextCustomizer@0, org.springframework.boot.test.autoconfigure.web.servlet.WebDriverContextCustomizerFactory$Customizer@449c5, org.springframework.boot.test.context.filter.ExcludeFilterContextCustomizer@20be6b15, org.springframework.boot.test.json.DuplicateJsonObjectContextCustomizerFactory$DuplicateJsonObjectContextCustomizer@30983f1a, org.springframework.boot.test.mock.mockito.MockitoContextCustomizer@0, org.springframework.boot.test.web.client.TestRestTemplateContextCustomizer@59206dcd, org.springframework.boot.test.context.SpringBootTestArgs@1, org.springframework.boot.test.context.SpringBootTestWebEnvironment@4a724902], resourceBasePath = 'src/main/webapp', contextLoader = 'org.springframework.boot.test.context.SpringBootContextLoader', parent = [null]], attributes = map['org.springframework.test.context.web.ServletTestExecutionListener.activateListener' -> false]], class annotated with @DirtiesContext [false] with mode [null].
10:06:24.106 [Test worker] DEBUG org.springframework.test.context.support.DependencyInjectionTestExecutionListener - Performing dependency injection for test context [[DefaultTestContext@12f72517 testClass = RewardsControllerIntegrationTest, testInstance = com.charter.rewardsProgram.controller.RewardsControllerIntegrationTest@5b7dcfb, testMethod = [null], testException = [null], mergedContextConfiguration = [WebMergedContextConfiguration@52a8ef43 testClass = RewardsControllerIntegrationTest, locations = '{}', classes = '{class com.charter.rewardsProgram.RewardPointsApplication}', contextInitializerClasses = '[]', activeProfiles = '{}', propertySourceLocations = '{}', propertySourceProperties = '{org.springframework.boot.test.context.SpringBootTestContextBootstrapper=true, server.port=0}', contextCustomizers = set[org.springframework.boot.test.autoconfigure.actuate.metrics.MetricsExportContextCustomizerFactory$DisableMetricExportContextCustomizer@6c7a2b1b, org.springframework.boot.test.autoconfigure.properties.PropertyMappingContextCustomizer@0, org.springframework.boot.test.autoconfigure.web.servlet.WebDriverContextCustomizerFactory$Customizer@449c5, org.springframework.boot.test.context.filter.ExcludeFilterContextCustomizer@20be6b15, org.springframework.boot.test.json.DuplicateJsonObjectContextCustomizerFactory$DuplicateJsonObjectContextCustomizer@30983f1a, org.springframework.boot.test.mock.mockito.MockitoContextCustomizer@0, org.springframework.boot.test.web.client.TestRestTemplateContextCustomizer@59206dcd, org.springframework.boot.test.context.SpringBootTestArgs@1, org.springframework.boot.test.context.SpringBootTestWebEnvironment@4a724902], resourceBasePath = 'src/main/webapp', contextLoader = 'org.springframework.boot.test.context.SpringBootContextLoader', parent = [null]], attributes = map['org.springframework.test.context.web.ServletTestExecutionListener.activateListener' -> false, 'org.springframework.test.context.event.ApplicationEventsTestExecutionListener.recordApplicationEvents' -> false]]].

  .   ____          _            __ _ _
 /\\ / ___'_ __ _ _(_)_ __  __ _ \ \ \ \
( ( )\___ | '_ | '_| | '_ \/ _` | \ \ \ \
 \\/  ___)| |_)| | | | | || (_| |  ) ) ) )
  '  |____| .__|_| |_|_| |_\__, | / / / /
 =========|_|==============|___/=/_/_/_/
 :: Spring Boot ::                (v2.7.2)

2023-01-24 10:06:24.452  INFO 5081 --- [    Test worker] c.c.r.c.RewardsControllerIntegrationTest : Starting RewardsControllerIntegrationTest using Java 11.0.10 on Karthiks-MBP with PID 5081 (started by karthikpaladugu in /Users/karthikpaladugu/Documents/CharterAssignment)
2023-01-24 10:06:24.453  INFO 5081 --- [    Test worker] c.c.r.c.RewardsControllerIntegrationTest : No active profile set, falling back to 1 default profile: "default"
2023-01-24 10:06:25.242  INFO 5081 --- [    Test worker] .s.d.r.c.RepositoryConfigurationDelegate : Bootstrapping Spring Data JPA repositories in DEFAULT mode.
2023-01-24 10:06:25.285  INFO 5081 --- [    Test worker] .s.d.r.c.RepositoryConfigurationDelegate : Finished Spring Data repository scanning in 35 ms. Found 2 JPA repository interfaces.
2023-01-24 10:06:25.883  INFO 5081 --- [    Test worker] o.s.b.w.embedded.tomcat.TomcatWebServer  : Tomcat initialized with port(s): 0 (http)
2023-01-24 10:06:25.897  INFO 5081 --- [    Test worker] o.apache.catalina.core.StandardService   : Starting service [Tomcat]
2023-01-24 10:06:25.898  INFO 5081 --- [    Test worker] org.apache.catalina.core.StandardEngine  : Starting Servlet engine: [Apache Tomcat/9.0.65]
2023-01-24 10:06:26.025  INFO 5081 --- [    Test worker] o.a.c.c.C.[Tomcat].[localhost].[/]       : Initializing Spring embedded WebApplicationContext
2023-01-24 10:06:26.025  INFO 5081 --- [    Test worker] w.s.c.ServletWebServerApplicationContext : Root WebApplicationContext: initialization completed in 1552 ms
2023-01-24 10:06:26.238  INFO 5081 --- [    Test worker] com.zaxxer.hikari.HikariDataSource       : HikariPool-1 - Starting...
2023-01-24 10:06:26.459  INFO 5081 --- [    Test worker] com.zaxxer.hikari.HikariDataSource       : HikariPool-1 - Start completed.
2023-01-24 10:06:26.474  INFO 5081 --- [    Test worker] o.s.b.a.h2.H2ConsoleAutoConfiguration    : H2 console available at '/h2-console'. Database available at 'jdbc:h2:mem:test'
2023-01-24 10:06:26.732  INFO 5081 --- [    Test worker] o.hibernate.jpa.internal.util.LogHelper  : HHH000204: Processing PersistenceUnitInfo [name: default]
2023-01-24 10:06:26.797  INFO 5081 --- [    Test worker] org.hibernate.Version                    : HHH000412: Hibernate ORM core version 5.6.10.Final
2023-01-24 10:06:27.000  INFO 5081 --- [    Test worker] o.hibernate.annotations.common.Version   : HCANN000001: Hibernate Commons Annotations {5.1.2.Final}
2023-01-24 10:06:27.113  INFO 5081 --- [    Test worker] org.hibernate.dialect.Dialect            : HHH000400: Using dialect: org.hibernate.dialect.H2Dialect
2023-01-24 10:06:27.651  INFO 5081 --- [    Test worker] o.h.t.schema.internal.SchemaCreatorImpl  : HHH000476: Executing import script 'file:/Users/karthikpaladugu/Documents/CharterAssignment/build/resources/main/import.sql'
2023-01-24 10:06:27.657  INFO 5081 --- [    Test worker] o.h.e.t.j.p.i.JtaPlatformInitiator       : HHH000490: Using JtaPlatform implementation: [org.hibernate.engine.transaction.jta.platform.internal.NoJtaPlatform]
2023-01-24 10:06:27.665  INFO 5081 --- [    Test worker] j.LocalContainerEntityManagerFactoryBean : Initialized JPA EntityManagerFactory for persistence unit 'default'
2023-01-24 10:06:28.035  WARN 5081 --- [    Test worker] JpaBaseConfiguration$JpaWebConfiguration : spring.jpa.open-in-view is enabled by default. Therefore, database queries may be performed during view rendering. Explicitly configure spring.jpa.open-in-view to disable this warning
2023-01-24 10:06:28.570  INFO 5081 --- [    Test worker] o.s.b.a.e.web.EndpointLinksResolver      : Exposing 1 endpoint(s) beneath base path '/actuator'
2023-01-24 10:06:28.632  INFO 5081 --- [    Test worker] o.s.b.w.embedded.tomcat.TomcatWebServer  : Tomcat started on port(s): 51906 (http) with context path ''
2023-01-24 10:06:28.646  INFO 5081 --- [    Test worker] c.c.r.c.RewardsControllerIntegrationTest : Started RewardsControllerIntegrationTest in 4.511 seconds (JVM running for 5.91)
2023-01-24 10:06:28.915  INFO 5081 --- [o-auto-1-exec-1] o.a.c.c.C.[Tomcat].[localhost].[/]       : Initializing Spring DispatcherServlet 'dispatcherServlet'
2023-01-24 10:06:28.916  INFO 5081 --- [o-auto-1-exec-1] o.s.web.servlet.DispatcherServlet        : Initializing Servlet 'dispatcherServlet'
2023-01-24 10:06:28.917  INFO 5081 --- [o-auto-1-exec-1] o.s.web.servlet.DispatcherServlet        : Completed initialization in 1 ms
]]></system-out>
  <system-err><![CDATA[]]></system-err>
</testsuite>
